<?xml version="1.0" encoding="UTF-8"?>
<testsuite xmlns:xsi="http://www.w3.org/2001/XMLSchema-instance" xsi:noNamespaceSchemaLocation="https://maven.apache.org/surefire/maven-surefire-plugin/xsd/surefire-test-report-3.0.xsd" version="3.0" name="edu.uga.miage.m1.polygons.gui.shapes.CircleTest" time="0.09" tests="4" errors="0" skipped="0" failures="0">
  <properties>
    <property name="java.specification.version" value="19"/>
    <property name="sonar.login" value="ce14690c44c858e7cdf6a4bcb7e139f416c1550e"/>
    <property name="sun.jnu.encoding" value="UTF-8"/>
    <property name="java.class.path" value="/Users/ilyassbouissa/eclipse-workspace/PC/target/test-classes:/Users/ilyassbouissa/eclipse-workspace/PC/target/classes:/Users/ilyassbouissa/.m2/repository/org/mockito/mockito-junit-jupiter/4.10.0/mockito-junit-jupiter-4.10.0.jar:/Users/ilyassbouissa/.m2/repository/org/mockito/mockito-core/4.10.0/mockito-core-4.10.0.jar:/Users/ilyassbouissa/.m2/repository/net/bytebuddy/byte-buddy/1.12.19/byte-buddy-1.12.19.jar:/Users/ilyassbouissa/.m2/repository/net/bytebuddy/byte-buddy-agent/1.12.19/byte-buddy-agent-1.12.19.jar:/Users/ilyassbouissa/.m2/repository/org/objenesis/objenesis/3.3/objenesis-3.3.jar:/Users/ilyassbouissa/.m2/repository/org/glassfish/javax.json/1.1.4/javax.json-1.1.4.jar:/Users/ilyassbouissa/.m2/repository/org/junit/jupiter/junit-jupiter-api/5.9.0/junit-jupiter-api-5.9.0.jar:/Users/ilyassbouissa/.m2/repository/org/opentest4j/opentest4j/1.2.0/opentest4j-1.2.0.jar:/Users/ilyassbouissa/.m2/repository/org/junit/platform/junit-platform-commons/1.9.0/junit-platform-commons-1.9.0.jar:/Users/ilyassbouissa/.m2/repository/org/apiguardian/apiguardian-api/1.1.2/apiguardian-api-1.1.2.jar:/Users/ilyassbouissa/.m2/repository/org/junit/jupiter/junit-jupiter-engine/5.9.0/junit-jupiter-engine-5.9.0.jar:/Users/ilyassbouissa/.m2/repository/org/junit/platform/junit-platform-engine/1.9.0/junit-platform-engine-1.9.0.jar:/Users/ilyassbouissa/.m2/repository/junit/junit/4.13.2/junit-4.13.2.jar:/Users/ilyassbouissa/.m2/repository/org/hamcrest/hamcrest-core/1.3/hamcrest-core-1.3.jar:/Users/ilyassbouissa/eclipse-workspace/PC/lib/mg_2_5-1.0-SNAPSHOT.jar:"/>
    <property name="java.vm.vendor" value="Azul Systems, Inc."/>
    <property name="sun.arch.data.model" value="64"/>
    <property name="java.vendor.url" value="http://www.azul.com/"/>
    <property name="os.name" value="Mac OS X"/>
    <property name="java.vm.specification.version" value="19"/>
    <property name="sun.java.launcher" value="SUN_STANDARD"/>
    <property name="user.country" value="FR"/>
    <property name="sun.boot.library.path" value="/Library/Java/JavaVirtualMachines/zulu-19.jdk/Contents/Home/lib"/>
    <property name="sun.java.command" value="/Users/ilyassbouissa/eclipse-workspace/PC/target/surefire/surefirebooter1011268530211958290.jar /Users/ilyassbouissa/eclipse-workspace/PC/target/surefire 2022-12-31T13-21-10_875-jvmRun1 surefire18426568774688425643tmp surefire_011299749318893507385tmp"/>
    <property name="http.nonProxyHosts" value="local|*.local|169.254/16|*.169.254/16"/>
    <property name="jdk.debug" value="release"/>
    <property name="surefire.test.class.path" value="/Users/ilyassbouissa/eclipse-workspace/PC/target/test-classes:/Users/ilyassbouissa/eclipse-workspace/PC/target/classes:/Users/ilyassbouissa/.m2/repository/org/mockito/mockito-junit-jupiter/4.10.0/mockito-junit-jupiter-4.10.0.jar:/Users/ilyassbouissa/.m2/repository/org/mockito/mockito-core/4.10.0/mockito-core-4.10.0.jar:/Users/ilyassbouissa/.m2/repository/net/bytebuddy/byte-buddy/1.12.19/byte-buddy-1.12.19.jar:/Users/ilyassbouissa/.m2/repository/net/bytebuddy/byte-buddy-agent/1.12.19/byte-buddy-agent-1.12.19.jar:/Users/ilyassbouissa/.m2/repository/org/objenesis/objenesis/3.3/objenesis-3.3.jar:/Users/ilyassbouissa/.m2/repository/org/glassfish/javax.json/1.1.4/javax.json-1.1.4.jar:/Users/ilyassbouissa/.m2/repository/org/junit/jupiter/junit-jupiter-api/5.9.0/junit-jupiter-api-5.9.0.jar:/Users/ilyassbouissa/.m2/repository/org/opentest4j/opentest4j/1.2.0/opentest4j-1.2.0.jar:/Users/ilyassbouissa/.m2/repository/org/junit/platform/junit-platform-commons/1.9.0/junit-platform-commons-1.9.0.jar:/Users/ilyassbouissa/.m2/repository/org/apiguardian/apiguardian-api/1.1.2/apiguardian-api-1.1.2.jar:/Users/ilyassbouissa/.m2/repository/org/junit/jupiter/junit-jupiter-engine/5.9.0/junit-jupiter-engine-5.9.0.jar:/Users/ilyassbouissa/.m2/repository/org/junit/platform/junit-platform-engine/1.9.0/junit-platform-engine-1.9.0.jar:/Users/ilyassbouissa/.m2/repository/junit/junit/4.13.2/junit-4.13.2.jar:/Users/ilyassbouissa/.m2/repository/org/hamcrest/hamcrest-core/1.3/hamcrest-core-1.3.jar:/Users/ilyassbouissa/eclipse-workspace/PC/lib/mg_2_5-1.0-SNAPSHOT.jar:"/>
    <property name="sun.cpu.endian" value="little"/>
    <property name="user.home" value="/Users/ilyassbouissa"/>
    <property name="user.language" value="fr"/>
    <property name="java.specification.vendor" value="Oracle Corporation"/>
    <property name="java.version.date" value="2022-09-20"/>
    <property name="java.home" value="/Library/Java/JavaVirtualMachines/zulu-19.jdk/Contents/Home"/>
    <property name="file.separator" value="/"/>
    <property name="basedir" value="/Users/ilyassbouissa/eclipse-workspace/PC"/>
    <property name="java.vm.compressedOopsMode" value="Zero based"/>
    <property name="line.separator" value="&#10;"/>
    <property name="java.vm.specification.vendor" value="Oracle Corporation"/>
    <property name="java.specification.name" value="Java Platform API Specification"/>
    <property name="apple.awt.application.name" value="ForkedBooter"/>
    <property name="surefire.real.class.path" value="/Users/ilyassbouissa/eclipse-workspace/PC/target/surefire/surefirebooter1011268530211958290.jar"/>
    <property name="sun.management.compiler" value="HotSpot 64-Bit Tiered Compilers"/>
    <property name="ftp.nonProxyHosts" value="local|*.local|169.254/16|*.169.254/16"/>
    <property name="java.runtime.version" value="19+36"/>
    <property name="user.name" value="ilyassbouissa"/>
    <property name="stdout.encoding" value="UTF-8"/>
    <property name="path.separator" value=":"/>
    <property name="os.version" value="12.3.1"/>
    <property name="java.runtime.name" value="OpenJDK Runtime Environment"/>
    <property name="file.encoding" value="UTF-8"/>
    <property name="java.vm.name" value="OpenJDK 64-Bit Server VM"/>
    <property name="java.vendor.version" value="Zulu19.28+81-CA"/>
    <property name="localRepository" value="/Users/ilyassbouissa/.m2/repository"/>
    <property name="java.vendor.url.bug" value="http://www.azul.com/support/"/>
    <property name="java.io.tmpdir" value="/var/folders/4j/tx2qdzld63vgr814_tpm23040000gn/T/"/>
    <property name="java.version" value="19"/>
    <property name="user.dir" value="/Users/ilyassbouissa/eclipse-workspace/PC"/>
    <property name="os.arch" value="aarch64"/>
    <property name="java.vm.specification.name" value="Java Virtual Machine Specification"/>
    <property name="native.encoding" value="UTF-8"/>
    <property name="java.library.path" value="/Users/ilyassbouissa/Library/Java/Extensions:/Library/Java/Extensions:/Network/Library/Java/Extensions:/System/Library/Java/Extensions:/usr/lib/java:."/>
    <property name="java.vm.info" value="mixed mode, sharing"/>
    <property name="stderr.encoding" value="UTF-8"/>
    <property name="java.vendor" value="Azul Systems, Inc."/>
    <property name="java.vm.version" value="19+36"/>
    <property name="sun.io.unicode.encoding" value="UnicodeBig"/>
    <property name="socksNonProxyHosts" value="local|*.local|169.254/16|*.169.254/16"/>
    <property name="java.class.version" value="63.0"/>
  </properties>
  <testcase name="test_visit_without_mockito" classname="edu.uga.miage.m1.polygons.gui.shapes.CircleTest" time="0.057"/>
  <testcase name="test_getters" classname="edu.uga.miage.m1.polygons.gui.shapes.CircleTest" time="0.001"/>
  <testcase name="test_draw" classname="edu.uga.miage.m1.polygons.gui.shapes.CircleTest" time="0.008"/>
  <testcase name="test_visit_with_mock(Visitor)" classname="edu.uga.miage.m1.polygons.gui.shapes.CircleTest" time="0.01"/>
</testsuite>